Using pre-set license
Built from '2021.3/staging' branch; Version is '2021.3.20f1 (577897200b8b) revision 5732503'; Using compiler version '192829333'; Build Type 'Release'
OS: 'Windows 11  (10.0.22621) 64bit Core' Language: 'ko' Physical Memory: 16296 MB
BatchMode: 1, IsHumanControllingUs: 0, StartBugReporterOnCrash: 0, Is64bit: 1, IsPro: 1

COMMAND LINE ARGUMENTS:
C:\Program Files\Unity\Hub\Editor\2021.3.20f1\Editor\Unity.exe
-adb2
-batchMode
-noUpm
-name
AssetImportWorker2
-projectPath
D:/OneDrive/ë¬¸ì„œ/GitHub/GraduationWork/GraduationWork/Farming Game
-logFile
Logs/AssetImportWorker2.log
-srvPort
6601
Successfully changed project path to: D:/OneDrive/ë¬¸ì„œ/GitHub/GraduationWork/GraduationWork/Farming Game
D:/OneDrive/ë¬¸ì„œ/GitHub/GraduationWork/GraduationWork/Farming Game
[UnityMemory] Configuration Parameters - Can be set up in boot.config
    "memorysetup-bucket-allocator-granularity=16"
    "memorysetup-bucket-allocator-bucket-count=8"
    "memorysetup-bucket-allocator-block-size=33554432"
    "memorysetup-bucket-allocator-block-count=8"
    "memorysetup-main-allocator-block-size=16777216"
    "memorysetup-thread-allocator-block-size=16777216"
    "memorysetup-gfx-main-allocator-block-size=16777216"
    "memorysetup-gfx-thread-allocator-block-size=16777216"
    "memorysetup-cache-allocator-block-size=4194304"
    "memorysetup-typetree-allocator-block-size=2097152"
    "memorysetup-profiler-bucket-allocator-granularity=16"
    "memorysetup-profiler-bucket-allocator-bucket-count=8"
    "memorysetup-profiler-bucket-allocator-block-size=33554432"
    "memorysetup-profiler-bucket-allocator-block-count=8"
    "memorysetup-profiler-allocator-block-size=16777216"
    "memorysetup-profiler-editor-allocator-block-size=1048576"
    "memorysetup-temp-allocator-size-main=16777216"
    "memorysetup-job-temp-allocator-block-size=2097152"
    "memorysetup-job-temp-allocator-block-size-background=1048576"
    "memorysetup-job-temp-allocator-reduction-small-platforms=262144"
    "memorysetup-temp-allocator-size-background-worker=32768"
    "memorysetup-temp-allocator-size-job-worker=262144"
    "memorysetup-temp-allocator-size-preload-manager=33554432"
    "memorysetup-temp-allocator-size-nav-mesh-worker=65536"
    "memorysetup-temp-allocator-size-audio-worker=65536"
    "memorysetup-temp-allocator-size-cloud-worker=32768"
    "memorysetup-temp-allocator-size-gi-baking-worker=262144"
    "memorysetup-temp-allocator-size-gfx=262144"
Player connection [3016] Host "[IP] 192.168.35.64 [Port] 0 [Flags] 2 [Guid] 1982462778 [EditorId] 1982462778 [Version] 1048832 [Id] WindowsEditor(7,µ¿ÀÏ) [Debug] 1 [PackageName] WindowsEditor [ProjectName] Editor" joined multi-casting on [225.0.0.222:54997]...

Player connection [3016] Host "[IP] 192.168.35.64 [Port] 0 [Flags] 2 [Guid] 1982462778 [EditorId] 1982462778 [Version] 1048832 [Id] WindowsEditor(7,µ¿ÀÏ) [Debug] 1 [PackageName] WindowsEditor [ProjectName] Editor" joined alternative multi-casting on [225.0.0.222:34997]...

Refreshing native plugins compatible for Editor in 83.22 ms, found 3 plugins.
Preloading 0 native plugins for Editor in 0.00 ms.
Initialize engine version: 2021.3.20f1 (577897200b8b)
[Subsystems] Discovering subsystems at path C:/Program Files/Unity/Hub/Editor/2021.3.20f1/Editor/Data/Resources/UnitySubsystems
[Subsystems] Discovering subsystems at path D:/OneDrive/ë¬¸ì„œ/GitHub/GraduationWork/GraduationWork/Farming Game/Assets
GfxDevice: creating device client; threaded=0; jobified=0
Direct3D:
    Version:  Direct3D 11.0 [level 11.1]
    Renderer: NVIDIA GeForce GTX 1050 Ti (ID=0x1c82)
    Vendor:   NVIDIA
    VRAM:     4017 MB
    Driver:   31.0.15.2824
Initialize mono
Mono path[0] = 'C:/Program Files/Unity/Hub/Editor/2021.3.20f1/Editor/Data/Managed'
Mono path[1] = 'C:/Program Files/Unity/Hub/Editor/2021.3.20f1/Editor/Data/MonoBleedingEdge/lib/mono/unityjit-win32'
Mono config path = 'C:/Program Files/Unity/Hub/Editor/2021.3.20f1/Editor/Data/MonoBleedingEdge/etc'
Using monoOptions --debugger-agent=transport=dt_socket,embedding=1,server=y,suspend=n,address=127.0.0.1:56104
Begin MonoManager ReloadAssembly
Registering precompiled unity dll's ...
Register platform support module: C:/Program Files/Unity/Hub/Editor/2021.3.20f1/Editor/Data/PlaybackEngines/WindowsStandaloneSupport/UnityEditor.WindowsStandalone.Extensions.dll
Registered in 0.008367 seconds.
Native extension for WindowsStandalone target not found
Refreshing native plugins compatible for Editor in 103.46 ms, found 3 plugins.
Preloading 0 native plugins for Editor in 0.00 ms.
Mono: successfully reloaded assembly
- Completed reload, in  0.855 seconds
Domain Reload Profiling:
	ReloadAssembly (856ms)
		BeginReloadAssembly (169ms)
			ExecutionOrderSort (0ms)
			DisableScriptedObjects (0ms)
			BackupInstance (0ms)
			ReleaseScriptingObjects (0ms)
			CreateAndSetChildDomain (1ms)
		EndReloadAssembly (557ms)
			LoadAssemblies (162ms)
			RebuildTransferFunctionScriptingTraits (0ms)
			SetupTypeCache (127ms)
			ReleaseScriptCaches (0ms)
			RebuildScriptCaches (39ms)
			SetupLoadedEditorAssemblies (320ms)
				LogAssemblyErrors (0ms)
				InitializePlatformSupportModulesInManaged (14ms)
				SetLoadedEditorAssemblies (0ms)
				RefreshPlugins (104ms)
				BeforeProcessingInitializeOnLoad (2ms)
				ProcessInitializeOnLoadAttributes (139ms)
				ProcessInitializeOnLoadMethodAttributes (61ms)
				AfterProcessingInitializeOnLoad (0ms)
				EditorAssembliesLoaded (0ms)
			ExecutionOrderSort2 (0ms)
			AwakeInstancesAfterBackupRestoration (0ms)
Platform modules already initialized, skipping
Registering precompiled user dll's ...
Registered in 0.006193 seconds.
Begin MonoManager ReloadAssembly
Symbol file LoadedFromMemory doesn't match image D:\OneDrive\ë¬¸ì„œ\GitHub\GraduationWork\GraduationWork\Farming Game\Library\PackageCache\com.unity.visualscripting@1.8.0\Editor\VisualScripting.Core\Dependencies\YamlDotNet\Unity.VisualScripting.YamlDotNet.dll
Symbol file LoadedFromMemory doesn't match image D:\OneDrive\ë¬¸ì„œ\GitHub\GraduationWork\GraduationWork\Farming Game\Library\PackageCache\com.unity.visualscripting@1.8.0\Editor\VisualScripting.Core\Dependencies\DotNetZip\Unity.VisualScripting.IonicZip.dll
Native extension for WindowsStandalone target not found
Refreshing native plugins compatible for Editor in 0.63 ms, found 3 plugins.
Preloading 0 native plugins for Editor in 0.00 ms.
Mono: successfully reloaded assembly
- Completed reload, in  1.536 seconds
Domain Reload Profiling:
	ReloadAssembly (1538ms)
		BeginReloadAssembly (183ms)
			ExecutionOrderSort (0ms)
			DisableScriptedObjects (9ms)
			BackupInstance (0ms)
			ReleaseScriptingObjects (0ms)
			CreateAndSetChildDomain (24ms)
		EndReloadAssembly (1193ms)
			LoadAssemblies (151ms)
			RebuildTransferFunctionScriptingTraits (0ms)
			SetupTypeCache (501ms)
			ReleaseScriptCaches (1ms)
			RebuildScriptCaches (68ms)
			SetupLoadedEditorAssemblies (454ms)
				LogAssemblyErrors (0ms)
				InitializePlatformSupportModulesInManaged (7ms)
				SetLoadedEditorAssemblies (1ms)
				RefreshPlugins (1ms)
				BeforeProcessingInitializeOnLoad (105ms)
				ProcessInitializeOnLoadAttributes (298ms)
				ProcessInitializeOnLoadMethodAttributes (26ms)
				AfterProcessingInitializeOnLoad (16ms)
				EditorAssembliesLoaded (1ms)
			ExecutionOrderSort2 (0ms)
			AwakeInstancesAfterBackupRestoration (16ms)
Platform modules already initialized, skipping
========================================================================
Worker process is ready to serve import requests
Launched and connected shader compiler UnityShaderCompiler.exe after 0.09 seconds
Refreshing native plugins compatible for Editor in 1.31 ms, found 3 plugins.
Preloading 0 native plugins for Editor in 0.00 ms.
Unloading 3048 Unused Serialized files (Serialized files now loaded: 0)
Unloading 24 unused Assets / (114.0 KB). Loaded Objects now: 3527.
Memory consumption went from 124.4 MB to 124.3 MB.
Total: 4.925400 ms (FindLiveObjects: 0.623400 ms CreateObjectMapping: 0.301300 ms MarkObjects: 3.764900 ms  DeleteObjects: 0.234200 ms)

AssetImportParameters requested are different than current active one (requested -> active):
  custom:video-decoder-ogg-theora: a1e56fd34408186e4bbccfd4996cb3dc -> 
  custom:container-muxer-webm: aa71ff27fc2769a1b78a27578f13a17b -> 
  custom:container-demuxer-webm: 4f35f7cbe854078d1ac9338744f61a02 -> 
  custom:video-encoder-webm-vp8: eb34c28f22e8b96e1ab97ce403110664 -> 
  custom:audio-encoder-webm-vorbis: bf7c407c2cedff20999df2af8eb42d56 -> 
  custom:framework-win-MediaFoundation: 216162199b28c13a410421893ffa2e32 -> 
  custom:container-demuxer-ogg: 62fdf1f143b41e24485cea50d1cbac27 -> 
  custom:video-decoder-webm-vp8: 9c59270c3fd7afecdb556c50c9e8de78 -> 
  custom:audio-decoder-ogg-vorbis: bf7c407c2cedff20999df2af8eb42d56 -> 
========================================================================
Received Import Request.
  Time since last request: 1595.404503 seconds.
  path: Assets/Tree.prefab
  artifactKey: Guid(11c5cd916ea97834aae072c65cc871d3) Importer(815301076,1909f56bfc062723c751e8b465ee728b)
Start importing Assets/Tree.prefab using Guid(11c5cd916ea97834aae072c65cc871d3) Importer(815301076,1909f56bfc062723c751e8b465ee728b)  -> (artifact id: 'd17cd658ed0453c1bc29c0f2c211b5b9') in 0.334002 seconds 
========================================================================
Received Import Request.
  Time since last request: 120.163626 seconds.
  path: Assets
  artifactKey: Guid(00000000000000001000000000000000) Importer(815301076,1909f56bfc062723c751e8b465ee728b)
Start importing Assets using Guid(00000000000000001000000000000000) Importer(815301076,1909f56bfc062723c751e8b465ee728b)  -> (artifact id: '79842766b460edbeab6a34051e857a80') in 0.008030 seconds 
========================================================================
Received Import Request.
  Time since last request: 15.108330 seconds.
  path: Assets/Import Assets
  artifactKey: Guid(1080e90bfbdd44945947014265fbb4fe) Importer(815301076,1909f56bfc062723c751e8b465ee728b)
Start importing Assets/Import Assets using Guid(1080e90bfbdd44945947014265fbb4fe) Importer(815301076,1909f56bfc062723c751e8b465ee728b)  -> (artifact id: 'f0c02189a09adccca8db49d5487ad1be') in 0.006851 seconds 
========================================================================
Received Import Request.
  Time since last request: 20.759995 seconds.
  path: Assets/Import Assets/Farmming
  artifactKey: Guid(51707e7a4c81553408261075cf1c0718) Importer(815301076,1909f56bfc062723c751e8b465ee728b)
Start importing Assets/Import Assets/Farmming using Guid(51707e7a4c81553408261075cf1c0718) Importer(815301076,1909f56bfc062723c751e8b465ee728b)  -> (artifact id: '5eaaf7bbe31b2546315c464b632a3707') in 0.006538 seconds 
========================================================================
Received Import Request.
  Time since last request: 46.085477 seconds.
  path: Assets/Import Assets/textures/dirt_floor_diff_4k.jpg
  artifactKey: Guid(9a0e267847b46924da29a5a5cb08b590) Importer(815301076,1909f56bfc062723c751e8b465ee728b)
Start importing Assets/Import Assets/textures/dirt_floor_diff_4k.jpg using Guid(9a0e267847b46924da29a5a5cb08b590) Importer(815301076,1909f56bfc062723c751e8b465ee728b)  -> (artifact id: 'bda127dc84bc90acc9ce2406bbf7a918') in 0.039739 seconds 
========================================================================
Received Import Request.
  Time since last request: 0.000031 seconds.
  path: Assets/Import Assets/textures/dirt_floor_rough_4k.exr
  artifactKey: Guid(bfad6f3e36c110b4a977c8d11d64c030) Importer(815301076,1909f56bfc062723c751e8b465ee728b)
Start importing Assets/Import Assets/textures/dirt_floor_rough_4k.exr using Guid(bfad6f3e36c110b4a977c8d11d64c030) Importer(815301076,1909f56bfc062723c751e8b465ee728b)  -> (artifact id: '3708dd8974b6e3f1c7fef853ebc81dd8') in 0.032212 seconds 
========================================================================
Received Import Request.
  Time since last request: 161.522760 seconds.
  path: Assets/Import Assets/Farmming/Dirt/dirt_floor_nor_gl_4k.exr
  artifactKey: Guid(a7d23a4be47e1084e9a1aa7cfa44ee42) Importer(815301076,1909f56bfc062723c751e8b465ee728b)
Start importing Assets/Import Assets/Farmming/Dirt/dirt_floor_nor_gl_4k.exr using Guid(a7d23a4be47e1084e9a1aa7cfa44ee42) Importer(815301076,1909f56bfc062723c751e8b465ee728b)  -> (artifact id: '5d78b8eb97b087f460319e03852677f0') in 0.029650 seconds 
========================================================================
Received Import Request.
  Time since last request: 53.703066 seconds.
  path: Assets/Cube.prefab
  artifactKey: Guid(cdf85a5ab891af145a591309b65487df) Importer(815301076,1909f56bfc062723c751e8b465ee728b)
Start importing Assets/Cube.prefab using Guid(cdf85a5ab891af145a591309b65487df) Importer(815301076,1909f56bfc062723c751e8b465ee728b)  -> (artifact id: '582c739134a7e4958549065030786ec3') in 0.027332 seconds 
========================================================================
Received Import Request.
  Time since last request: 131.698390 seconds.
  path: Assets/Scripts
  artifactKey: Guid(8edd1aa0496a41d459bcc0c8ca288c34) Importer(815301076,1909f56bfc062723c751e8b465ee728b)
Start importing Assets/Scripts using Guid(8edd1aa0496a41d459bcc0c8ca288c34) Importer(815301076,1909f56bfc062723c751e8b465ee728b)  -> (artifact id: '59361a316030092a57c8e18f5c5ccfdb') in 0.007804 seconds 
========================================================================
Received Prepare
Registering precompiled user dll's ...
Registered in 0.007813 seconds.
Begin MonoManager ReloadAssembly
Symbol file LoadedFromMemory doesn't match image D:\OneDrive\ë¬¸ì„œ\GitHub\GraduationWork\GraduationWork\Farming Game\Library\PackageCache\com.unity.visualscripting@1.8.0\Editor\VisualScripting.Core\Dependencies\YamlDotNet\Unity.VisualScripting.YamlDotNet.dll
Symbol file LoadedFromMemory doesn't match image D:\OneDrive\ë¬¸ì„œ\GitHub\GraduationWork\GraduationWork\Farming Game\Library\PackageCache\com.unity.visualscripting@1.8.0\Editor\VisualScripting.Core\Dependencies\DotNetZip\Unity.VisualScripting.IonicZip.dll
Native extension for WindowsStandalone target not found
Refreshing native plugins compatible for Editor in 1.22 ms, found 3 plugins.
Preloading 0 native plugins for Editor in 0.00 ms.
Mono: successfully reloaded assembly
- Completed reload, in  1.259 seconds
Domain Reload Profiling:
	ReloadAssembly (1260ms)
		BeginReloadAssembly (225ms)
			ExecutionOrderSort (0ms)
			DisableScriptedObjects (7ms)
			BackupInstance (0ms)
			ReleaseScriptingObjects (0ms)
			CreateAndSetChildDomain (50ms)
		EndReloadAssembly (885ms)
			LoadAssemblies (172ms)
			RebuildTransferFunctionScriptingTraits (0ms)
			SetupTypeCache (315ms)
			ReleaseScriptCaches (2ms)
			RebuildScriptCaches (56ms)
			SetupLoadedEditorAssemblies (345ms)
				LogAssemblyErrors (0ms)
				InitializePlatformSupportModulesInManaged (8ms)
				SetLoadedEditorAssemblies (1ms)
				RefreshPlugins (1ms)
				BeforeProcessingInitializeOnLoad (80ms)
				ProcessInitializeOnLoadAttributes (217ms)
				ProcessInitializeOnLoadMethodAttributes (23ms)
				AfterProcessingInitializeOnLoad (15ms)
				EditorAssembliesLoaded (0ms)
			ExecutionOrderSort2 (0ms)
			AwakeInstancesAfterBackupRestoration (13ms)
Platform modules already initialized, skipping
Refreshing native plugins compatible for Editor in 2.07 ms, found 3 plugins.
Preloading 0 native plugins for Editor in 0.00 ms.
Unloading 3044 Unused Serialized files (Serialized files now loaded: 0)
Unloading 17 unused Assets / (80.4 KB). Loaded Objects now: 3580.
Memory consumption went from 129.1 MB to 129.1 MB.
Total: 3.510700 ms (FindLiveObjects: 0.269800 ms CreateObjectMapping: 0.157200 ms MarkObjects: 2.990700 ms  DeleteObjects: 0.091800 ms)

AssetImportParameters requested are different than current active one (requested -> active):
  custom:video-decoder-ogg-theora: a1e56fd34408186e4bbccfd4996cb3dc -> 
  custom:container-muxer-webm: aa71ff27fc2769a1b78a27578f13a17b -> 
  custom:container-demuxer-webm: 4f35f7cbe854078d1ac9338744f61a02 -> 
  custom:video-encoder-webm-vp8: eb34c28f22e8b96e1ab97ce403110664 -> 
  custom:audio-encoder-webm-vorbis: bf7c407c2cedff20999df2af8eb42d56 -> 
  custom:framework-win-MediaFoundation: 216162199b28c13a410421893ffa2e32 -> 
  custom:container-demuxer-ogg: 62fdf1f143b41e24485cea50d1cbac27 -> 
  custom:video-decoder-webm-vp8: 9c59270c3fd7afecdb556c50c9e8de78 -> 
  custom:audio-decoder-ogg-vorbis: bf7c407c2cedff20999df2af8eb42d56 -> 
========================================================================
Received Import Request.
  Time since last request: 27.544677 seconds.
  path: Assets/Scripts/Land.cs
  artifactKey: Guid(68bc1eb4859535d45bfc3bfd48535c24) Importer(815301076,1909f56bfc062723c751e8b465ee728b)
Start importing Assets/Scripts/Land.cs using Guid(68bc1eb4859535d45bfc3bfd48535c24) Importer(815301076,1909f56bfc062723c751e8b465ee728b)  -> (artifact id: 'bfdae49f67fa5283c480720b2ace86d4') in 0.034558 seconds 
========================================================================
Received Prepare
Registering precompiled user dll's ...
Registered in 0.006935 seconds.
Begin MonoManager ReloadAssembly
Symbol file LoadedFromMemory doesn't match image D:\OneDrive\ë¬¸ì„œ\GitHub\GraduationWork\GraduationWork\Farming Game\Library\PackageCache\com.unity.visualscripting@1.8.0\Editor\VisualScripting.Core\Dependencies\YamlDotNet\Unity.VisualScripting.YamlDotNet.dll
Symbol file LoadedFromMemory doesn't match image D:\OneDrive\ë¬¸ì„œ\GitHub\GraduationWork\GraduationWork\Farming Game\Library\PackageCache\com.unity.visualscripting@1.8.0\Editor\VisualScripting.Core\Dependencies\DotNetZip\Unity.VisualScripting.IonicZip.dll
Native extension for WindowsStandalone target not found
Refreshing native plugins compatible for Editor in 0.55 ms, found 3 plugins.
Preloading 0 native plugins for Editor in 0.00 ms.
Mono: successfully reloaded assembly
- Completed reload, in  1.215 seconds
Domain Reload Profiling:
	ReloadAssembly (1216ms)
		BeginReloadAssembly (217ms)
			ExecutionOrderSort (0ms)
			DisableScriptedObjects (8ms)
			BackupInstance (0ms)
			ReleaseScriptingObjects (0ms)
			CreateAndSetChildDomain (56ms)
		EndReloadAssembly (871ms)
			LoadAssemblies (149ms)
			RebuildTransferFunctionScriptingTraits (0ms)
			SetupTypeCache (289ms)
			ReleaseScriptCaches (2ms)
			RebuildScriptCaches (49ms)
			SetupLoadedEditorAssemblies (361ms)
				LogAssemblyErrors (0ms)
				InitializePlatformSupportModulesInManaged (8ms)
				SetLoadedEditorAssemblies (0ms)
				RefreshPlugins (1ms)
				BeforeProcessingInitializeOnLoad (80ms)
				ProcessInitializeOnLoadAttributes (235ms)
				ProcessInitializeOnLoadMethodAttributes (22ms)
				AfterProcessingInitializeOnLoad (15ms)
				EditorAssembliesLoaded (0ms)
			ExecutionOrderSort2 (0ms)
			AwakeInstancesAfterBackupRestoration (18ms)
Platform modules already initialized, skipping
Refreshing native plugins compatible for Editor in 2.55 ms, found 3 plugins.
Preloading 0 native plugins for Editor in 0.00 ms.
Unloading 3044 Unused Serialized files (Serialized files now loaded: 0)
Unloading 17 unused Assets / (80.4 KB). Loaded Objects now: 3583.
Memory consumption went from 129.2 MB to 129.1 MB.
Total: 3.237700 ms (FindLiveObjects: 0.313600 ms CreateObjectMapping: 0.189300 ms MarkObjects: 2.598400 ms  DeleteObjects: 0.134900 ms)

AssetImportParameters requested are different than current active one (requested -> active):
  custom:video-decoder-ogg-theora: a1e56fd34408186e4bbccfd4996cb3dc -> 
  custom:container-muxer-webm: aa71ff27fc2769a1b78a27578f13a17b -> 
  custom:container-demuxer-webm: 4f35f7cbe854078d1ac9338744f61a02 -> 
  custom:video-encoder-webm-vp8: eb34c28f22e8b96e1ab97ce403110664 -> 
  custom:audio-encoder-webm-vorbis: bf7c407c2cedff20999df2af8eb42d56 -> 
  custom:framework-win-MediaFoundation: 216162199b28c13a410421893ffa2e32 -> 
  custom:container-demuxer-ogg: 62fdf1f143b41e24485cea50d1cbac27 -> 
  custom:video-decoder-webm-vp8: 9c59270c3fd7afecdb556c50c9e8de78 -> 
  custom:audio-decoder-ogg-vorbis: bf7c407c2cedff20999df2af8eb42d56 -> 
========================================================================
Received Prepare
Registering precompiled user dll's ...
Registered in 0.011278 seconds.
Begin MonoManager ReloadAssembly
Symbol file LoadedFromMemory doesn't match image D:\OneDrive\ë¬¸ì„œ\GitHub\GraduationWork\GraduationWork\Farming Game\Library\PackageCache\com.unity.visualscripting@1.8.0\Editor\VisualScripting.Core\Dependencies\YamlDotNet\Unity.VisualScripting.YamlDotNet.dll
Symbol file LoadedFromMemory doesn't match image D:\OneDrive\ë¬¸ì„œ\GitHub\GraduationWork\GraduationWork\Farming Game\Library\PackageCache\com.unity.visualscripting@1.8.0\Editor\VisualScripting.Core\Dependencies\DotNetZip\Unity.VisualScripting.IonicZip.dll
Native extension for WindowsStandalone target not found
Refreshing native plugins compatible for Editor in 0.66 ms, found 3 plugins.
Preloading 0 native plugins for Editor in 0.00 ms.
Mono: successfully reloaded assembly
- Completed reload, in  1.315 seconds
Domain Reload Profiling:
	ReloadAssembly (1316ms)
		BeginReloadAssembly (237ms)
			ExecutionOrderSort (0ms)
			DisableScriptedObjects (8ms)
			BackupInstance (0ms)
			ReleaseScriptingObjects (0ms)
			CreateAndSetChildDomain (45ms)
		EndReloadAssembly (931ms)
			LoadAssemblies (173ms)
			RebuildTransferFunctionScriptingTraits (0ms)
			SetupTypeCache (343ms)
			ReleaseScriptCaches (1ms)
			RebuildScriptCaches (46ms)
			SetupLoadedEditorAssemblies (378ms)
				LogAssemblyErrors (0ms)
				InitializePlatformSupportModulesInManaged (9ms)
				SetLoadedEditorAssemblies (1ms)
				RefreshPlugins (1ms)
				BeforeProcessingInitializeOnLoad (73ms)
				ProcessInitializeOnLoadAttributes (255ms)
				ProcessInitializeOnLoadMethodAttributes (21ms)
				AfterProcessingInitializeOnLoad (18ms)
				EditorAssembliesLoaded (0ms)
			ExecutionOrderSort2 (0ms)
			AwakeInstancesAfterBackupRestoration (12ms)
Platform modules already initialized, skipping
Refreshing native plugins compatible for Editor in 2.20 ms, found 3 plugins.
Preloading 0 native plugins for Editor in 0.00 ms.
Unloading 3044 Unused Serialized files (Serialized files now loaded: 0)
Unloading 17 unused Assets / (80.5 KB). Loaded Objects now: 3586.
Memory consumption went from 129.2 MB to 129.1 MB.
Total: 5.350700 ms (FindLiveObjects: 0.365300 ms CreateObjectMapping: 0.270900 ms MarkObjects: 4.545200 ms  DeleteObjects: 0.167100 ms)

AssetImportParameters requested are different than current active one (requested -> active):
  custom:video-decoder-ogg-theora: a1e56fd34408186e4bbccfd4996cb3dc -> 
  custom:container-muxer-webm: aa71ff27fc2769a1b78a27578f13a17b -> 
  custom:container-demuxer-webm: 4f35f7cbe854078d1ac9338744f61a02 -> 
  custom:video-encoder-webm-vp8: eb34c28f22e8b96e1ab97ce403110664 -> 
  custom:audio-encoder-webm-vorbis: bf7c407c2cedff20999df2af8eb42d56 -> 
  custom:framework-win-MediaFoundation: 216162199b28c13a410421893ffa2e32 -> 
  custom:container-demuxer-ogg: 62fdf1f143b41e24485cea50d1cbac27 -> 
  custom:video-decoder-webm-vp8: 9c59270c3fd7afecdb556c50c9e8de78 -> 
  custom:audio-decoder-ogg-vorbis: bf7c407c2cedff20999df2af8eb42d56 -> 
========================================================================
Received Import Request.
  Time since last request: 88.732645 seconds.
  path: Assets/Scripts/Land.cs
  artifactKey: Guid(68bc1eb4859535d45bfc3bfd48535c24) Importer(815301076,1909f56bfc062723c751e8b465ee728b)
Start importing Assets/Scripts/Land.cs using Guid(68bc1eb4859535d45bfc3bfd48535c24) Importer(815301076,1909f56bfc062723c751e8b465ee728b)  -> (artifact id: '529e3f76d68672e6d1006c360e2f56dc') in 0.012550 seconds 
========================================================================
Received Import Request.
  Time since last request: 201.533359 seconds.
  path: Assets/Import Assets/Farmming/Dirt/Materials
  artifactKey: Guid(0c77d4a356888eb4cb8e2ceb7058c9a8) Importer(815301076,1909f56bfc062723c751e8b465ee728b)
Start importing Assets/Import Assets/Farmming/Dirt/Materials using Guid(0c77d4a356888eb4cb8e2ceb7058c9a8) Importer(815301076,1909f56bfc062723c751e8b465ee728b)  -> (artifact id: '29d2abc73ab082494c03d5d933f91f15') in 0.009353 seconds 
========================================================================
Received Import Request.
  Time since last request: 0.024945 seconds.
  path: Assets/Import Assets/Farmming/Dirt/Materials/dirt_floor_disp_4k.mat
  artifactKey: Guid(89c71d356898cd54d9d42bb9755c023e) Importer(815301076,1909f56bfc062723c751e8b465ee728b)
Start importing Assets/Import Assets/Farmming/Dirt/Materials/dirt_floor_disp_4k.mat using Guid(89c71d356898cd54d9d42bb9755c023e) Importer(815301076,1909f56bfc062723c751e8b465ee728b)  -> (artifact id: '446e7454b2e5694c6affe07405259f64') in 0.129446 seconds 
========================================================================
Received Import Request.
  Time since last request: 22.492305 seconds.
  path: Assets/Scripts/Land.cs
  artifactKey: Guid(68bc1eb4859535d45bfc3bfd48535c24) Importer(815301076,1909f56bfc062723c751e8b465ee728b)
Start importing Assets/Scripts/Land.cs using Guid(68bc1eb4859535d45bfc3bfd48535c24) Importer(815301076,1909f56bfc062723c751e8b465ee728b)  -> (artifact id: 'a1bd7546a4a69690bdf09900dd81c271') in 0.003086 seconds 
========================================================================
Received Prepare
Registering precompiled user dll's ...
Registered in 0.007581 seconds.
Begin MonoManager ReloadAssembly
Symbol file LoadedFromMemory doesn't match image D:\OneDrive\ë¬¸ì„œ\GitHub\GraduationWork\GraduationWork\Farming Game\Library\PackageCache\com.unity.visualscripting@1.8.0\Editor\VisualScripting.Core\Dependencies\YamlDotNet\Unity.VisualScripting.YamlDotNet.dll
Symbol file LoadedFromMemory doesn't match image D:\OneDrive\ë¬¸ì„œ\GitHub\GraduationWork\GraduationWork\Farming Game\Library\PackageCache\com.unity.visualscripting@1.8.0\Editor\VisualScripting.Core\Dependencies\DotNetZip\Unity.VisualScripting.IonicZip.dll
Native extension for WindowsStandalone target not found
Refreshing native plugins compatible for Editor in 0.53 ms, found 3 plugins.
Preloading 0 native plugins for Editor in 0.00 ms.
Mono: successfully reloaded assembly
- Completed reload, in  1.419 seconds
Domain Reload Profiling:
	ReloadAssembly (1420ms)
		BeginReloadAssembly (247ms)
			ExecutionOrderSort (0ms)
			DisableScriptedObjects (9ms)
			BackupInstance (0ms)
			ReleaseScriptingObjects (0ms)
			CreateAndSetChildDomain (78ms)
		EndReloadAssembly (1028ms)
			LoadAssemblies (187ms)
			RebuildTransferFunctionScriptingTraits (0ms)
			SetupTypeCache (422ms)
			ReleaseScriptCaches (1ms)
			RebuildScriptCaches (52ms)
			SetupLoadedEditorAssemblies (359ms)
				LogAssemblyErrors (0ms)
				InitializePlatformSupportModulesInManaged (6ms)
				SetLoadedEditorAssemblies (0ms)
				RefreshPlugins (1ms)
				BeforeProcessingInitializeOnLoad (74ms)
				ProcessInitializeOnLoadAttributes (241ms)
				ProcessInitializeOnLoadMethodAttributes (22ms)
				AfterProcessingInitializeOnLoad (14ms)
				EditorAssembliesLoaded (0ms)
			ExecutionOrderSort2 (0ms)
			AwakeInstancesAfterBackupRestoration (14ms)
Platform modules already initialized, skipping
Refreshing native plugins compatible for Editor in 2.27 ms, found 3 plugins.
Preloading 0 native plugins for Editor in 0.00 ms.
Unloading 3044 Unused Serialized files (Serialized files now loaded: 0)
Unloading 17 unused Assets / (80.4 KB). Loaded Objects now: 3589.
Memory consumption went from 129.2 MB to 129.1 MB.
Total: 3.504700 ms (FindLiveObjects: 0.360000 ms CreateObjectMapping: 0.313100 ms MarkObjects: 2.682600 ms  DeleteObjects: 0.147000 ms)

AssetImportParameters requested are different than current active one (requested -> active):
  custom:video-decoder-ogg-theora: a1e56fd34408186e4bbccfd4996cb3dc -> 
  custom:container-muxer-webm: aa71ff27fc2769a1b78a27578f13a17b -> 
  custom:container-demuxer-webm: 4f35f7cbe854078d1ac9338744f61a02 -> 
  custom:video-encoder-webm-vp8: eb34c28f22e8b96e1ab97ce403110664 -> 
  custom:audio-encoder-webm-vorbis: bf7c407c2cedff20999df2af8eb42d56 -> 
  custom:framework-win-MediaFoundation: 216162199b28c13a410421893ffa2e32 -> 
  custom:container-demuxer-ogg: 62fdf1f143b41e24485cea50d1cbac27 -> 
  custom:video-decoder-webm-vp8: 9c59270c3fd7afecdb556c50c9e8de78 -> 
  custom:audio-decoder-ogg-vorbis: bf7c407c2cedff20999df2af8eb42d56 -> 
========================================================================
Received Import Request.
  Time since last request: 102.303517 seconds.
  path: Assets/Land.prefab
  artifactKey: Guid(cdf85a5ab891af145a591309b65487df) Importer(815301076,1909f56bfc062723c751e8b465ee728b)
Start importing Assets/Land.prefab using Guid(cdf85a5ab891af145a591309b65487df) Importer(815301076,1909f56bfc062723c751e8b465ee728b)  -> (artifact id: 'fa8541b14ae15b872864edaa5eb5ed58') in 0.088585 seconds 
========================================================================
Received Prepare
Registering precompiled user dll's ...
Registered in 0.008629 seconds.
Begin MonoManager ReloadAssembly
Symbol file LoadedFromMemory doesn't match image D:\OneDrive\ë¬¸ì„œ\GitHub\GraduationWork\GraduationWork\Farming Game\Library\PackageCache\com.unity.visualscripting@1.8.0\Editor\VisualScripting.Core\Dependencies\YamlDotNet\Unity.VisualScripting.YamlDotNet.dll
Symbol file LoadedFromMemory doesn't match image D:\OneDrive\ë¬¸ì„œ\GitHub\GraduationWork\GraduationWork\Farming Game\Library\PackageCache\com.unity.visualscripting@1.8.0\Editor\VisualScripting.Core\Dependencies\DotNetZip\Unity.VisualScripting.IonicZip.dll
Native extension for WindowsStandalone target not found
Refreshing native plugins compatible for Editor in 1.72 ms, found 3 plugins.
Preloading 0 native plugins for Editor in 0.00 ms.
Mono: successfully reloaded assembly
- Completed reload, in  1.558 seconds
Domain Reload Profiling:
	ReloadAssembly (1559ms)
		BeginReloadAssembly (197ms)
			ExecutionOrderSort (0ms)
			DisableScriptedObjects (6ms)
			BackupInstance (0ms)
			ReleaseScriptingObjects (0ms)
			CreateAndSetChildDomain (48ms)
		EndReloadAssembly (1215ms)
			LoadAssemblies (162ms)
			RebuildTransferFunctionScriptingTraits (0ms)
			SetupTypeCache (455ms)
			ReleaseScriptCaches (2ms)
			RebuildScriptCaches (72ms)
			SetupLoadedEditorAssemblies (475ms)
				LogAssemblyErrors (0ms)
				InitializePlatformSupportModulesInManaged (11ms)
				SetLoadedEditorAssemblies (1ms)
				RefreshPlugins (2ms)
				BeforeProcessingInitializeOnLoad (107ms)
				ProcessInitializeOnLoadAttributes (308ms)
				ProcessInitializeOnLoadMethodAttributes (31ms)
				AfterProcessingInitializeOnLoad (16ms)
				EditorAssembliesLoaded (0ms)
			ExecutionOrderSort2 (0ms)
			AwakeInstancesAfterBackupRestoration (17ms)
Platform modules already initialized, skipping
Refreshing native plugins compatible for Editor in 1.95 ms, found 3 plugins.
Preloading 0 native plugins for Editor in 0.00 ms.
Unloading 3044 Unused Serialized files (Serialized files now loaded: 0)
Unloading 17 unused Assets / (80.4 KB). Loaded Objects now: 3592.
Memory consumption went from 129.2 MB to 129.1 MB.
Total: 4.121300 ms (FindLiveObjects: 0.273700 ms CreateObjectMapping: 0.189400 ms MarkObjects: 3.518700 ms  DeleteObjects: 0.137500 ms)

AssetImportParameters requested are different than current active one (requested -> active):
  custom:video-decoder-ogg-theora: a1e56fd34408186e4bbccfd4996cb3dc -> 
  custom:container-muxer-webm: aa71ff27fc2769a1b78a27578f13a17b -> 
  custom:container-demuxer-webm: 4f35f7cbe854078d1ac9338744f61a02 -> 
  custom:video-encoder-webm-vp8: eb34c28f22e8b96e1ab97ce403110664 -> 
  custom:audio-encoder-webm-vorbis: bf7c407c2cedff20999df2af8eb42d56 -> 
  custom:framework-win-MediaFoundation: 216162199b28c13a410421893ffa2e32 -> 
  custom:container-demuxer-ogg: 62fdf1f143b41e24485cea50d1cbac27 -> 
  custom:video-decoder-webm-vp8: 9c59270c3fd7afecdb556c50c9e8de78 -> 
  custom:audio-decoder-ogg-vorbis: bf7c407c2cedff20999df2af8eb42d56 -> 
========================================================================
Received Import Request.
  Time since last request: 28.192363 seconds.
  path: Assets/Land.prefab
  artifactKey: Guid(cdf85a5ab891af145a591309b65487df) Importer(815301076,1909f56bfc062723c751e8b465ee728b)
Start importing Assets/Land.prefab using Guid(cdf85a5ab891af145a591309b65487df) Importer(815301076,1909f56bfc062723c751e8b465ee728b)  -> (artifact id: 'a9c809d6b61ad32dff6fcdd1c567663b') in 0.122013 seconds 
========================================================================
Received Import Request.
  Time since last request: 1062.508680 seconds.
  path: Assets/Import Assets/Farmming/Watererd
  artifactKey: Guid(a07de1635f138974485a6e05e87855b1) Importer(815301076,1909f56bfc062723c751e8b465ee728b)
Start importing Assets/Import Assets/Farmming/Watererd using Guid(a07de1635f138974485a6e05e87855b1) Importer(815301076,1909f56bfc062723c751e8b465ee728b)  -> (artifact id: 'edab3cfec1af99c9e180d7ac0e297493') in 0.011654 seconds 
========================================================================
Received Import Request.
  Time since last request: 8.622244 seconds.
  path: Assets/Import Assets/Farmming/Watered Land
  artifactKey: Guid(a07de1635f138974485a6e05e87855b1) Importer(815301076,1909f56bfc062723c751e8b465ee728b)
Start importing Assets/Import Assets/Farmming/Watered Land using Guid(a07de1635f138974485a6e05e87855b1) Importer(815301076,1909f56bfc062723c751e8b465ee728b)  -> (artifact id: '6a3476fc0a704192f62811c6b703355b') in 0.008311 seconds 
========================================================================
Received Import Request.
  Time since last request: 11.879723 seconds.
  path: Assets/Import Assets/Farmming/Tilled Land
  artifactKey: Guid(93cca8bd06766bc4ba7abbd5c625b11a) Importer(815301076,1909f56bfc062723c751e8b465ee728b)
Start importing Assets/Import Assets/Farmming/Tilled Land using Guid(93cca8bd06766bc4ba7abbd5c625b11a) Importer(815301076,1909f56bfc062723c751e8b465ee728b)  -> (artifact id: 'be0223eed2250df861e85ee743642db7') in 0.009933 seconds 
========================================================================
Received Import Request.
  Time since last request: 48.838777 seconds.
  path: Assets/Import Assets/Farmming/Watered Land/textures
  artifactKey: Guid(252d78543ef176e4b8957368790f5bf6) Importer(815301076,1909f56bfc062723c751e8b465ee728b)
Start importing Assets/Import Assets/Farmming/Watered Land/textures using Guid(252d78543ef176e4b8957368790f5bf6) Importer(815301076,1909f56bfc062723c751e8b465ee728b)  -> (artifact id: '1df66bd8feaa6bf74e1894065042c44e') in 0.006943 seconds 
========================================================================
Received Import Request.
  Time since last request: 9.334431 seconds.
  path: Assets/Import Assets/Farmming/Watered Land/Watered
  artifactKey: Guid(252d78543ef176e4b8957368790f5bf6) Importer(815301076,1909f56bfc062723c751e8b465ee728b)
Start importing Assets/Import Assets/Farmming/Watered Land/Watered using Guid(252d78543ef176e4b8957368790f5bf6) Importer(815301076,1909f56bfc062723c751e8b465ee728b)  -> (artifact id: '7efa99d6fc2f399102c2574a0d53eeda') in 0.008661 seconds 
========================================================================
Received Import Request.
  Time since last request: 5.023659 seconds.
  path: Assets/Import Assets/Farmming/Watered Land/Watered/brown_mud_leaves_01_diff_4k.jpg
  artifactKey: Guid(1f61dc69318da3a45bfec91285f95f00) Importer(815301076,1909f56bfc062723c751e8b465ee728b)
Start importing Assets/Import Assets/Farmming/Watered Land/Watered/brown_mud_leaves_01_diff_4k.jpg using Guid(1f61dc69318da3a45bfec91285f95f00) Importer(815301076,1909f56bfc062723c751e8b465ee728b)  -> (artifact id: 'a4de918919917b4dcc1e47b97c2933ab') in 0.034645 seconds 
========================================================================
Received Import Request.
  Time since last request: 0.000041 seconds.
  path: Assets/Import Assets/Farmming/Watered Land/Watered/brown_mud_leaves_01_nor_gl_4k.exr
  artifactKey: Guid(989a40dc960b08d42b207c660a57fda1) Importer(815301076,1909f56bfc062723c751e8b465ee728b)
Start importing Assets/Import Assets/Farmming/Watered Land/Watered/brown_mud_leaves_01_nor_gl_4k.exr using Guid(989a40dc960b08d42b207c660a57fda1) Importer(815301076,1909f56bfc062723c751e8b465ee728b)  -> (artifact id: '9d5bad6f47caaf77cac8aacd57f1a058') in 0.032537 seconds 
========================================================================
Received Import Request.
  Time since last request: 0.000049 seconds.
  path: Assets/Import Assets/Farmming/Watered Land/Watered/brown_mud_leaves_01_rough_4k.jpg
  artifactKey: Guid(b5a2e6152de11f94dad85afbf030f1c8) Importer(815301076,1909f56bfc062723c751e8b465ee728b)
Start importing Assets/Import Assets/Farmming/Watered Land/Watered/brown_mud_leaves_01_rough_4k.jpg using Guid(b5a2e6152de11f94dad85afbf030f1c8) Importer(815301076,1909f56bfc062723c751e8b465ee728b)  -> (artifact id: '4e24bc977b6a81c2ed51390825d76455') in 0.058283 seconds 
========================================================================
Received Import Request.
  Time since last request: 92.624800 seconds.
  path: Assets/Import Assets/Farmming/Watered Land/Watered/brown_mud_leaves_01_nor_gl_4k.exr
  artifactKey: Guid(989a40dc960b08d42b207c660a57fda1) Importer(815301076,1909f56bfc062723c751e8b465ee728b)
Start importing Assets/Import Assets/Farmming/Watered Land/Watered/brown_mud_leaves_01_nor_gl_4k.exr using Guid(989a40dc960b08d42b207c660a57fda1) Importer(815301076,1909f56bfc062723c751e8b465ee728b)  -> (artifact id: '51d073a8b385389bea776c55a5499cf2') in 0.020540 seconds 
========================================================================
Received Import Request.
  Time since last request: 62.475762 seconds.
  path: Assets/Cube (1).prefab
  artifactKey: Guid(f9f3ef4dde9485e40975a7ba2e2a44d2) Importer(815301076,1909f56bfc062723c751e8b465ee728b)
Start importing Assets/Cube (1).prefab using Guid(f9f3ef4dde9485e40975a7ba2e2a44d2) Importer(815301076,1909f56bfc062723c751e8b465ee728b)  -> (artifact id: '6830fd4524be474bf53cebb5005f072b') in 0.019537 seconds 
